<?xml version="1.0" encoding="UTF-8"?>
<!-- Generated by org.testng.reporters.JUnitXMLReporter -->
<testsuite ignored="0" hostname="mac.local" failures="0" tests="5" name="Test" time="6.746" errors="0" timestamp="2022-10-28T18:48:21 IST">
  <testcase classname="RestAssuredTests.Demo4_Delete_Request" name="deleteEmployeeRecord" time="2.288"/>
  <testcase classname="RestAssuredTests.Demo5_BasicValidations_JSON" name="testLogging" time="1.17"/>
  <testcase classname="RestAssuredTests.Demo1_GetRequest" name="getProductDetails" time="1.178"/>
  <testcase classname="RestAssuredTests.Demo2_POST_Request" name="testPost" time="1.087"/>
  <testcase classname="RestAssuredTests.Demo3_PUT_Request" name="testPut" time="0.999"/>
</testsuite> <!-- Test -->
