<?xml version="1.0" encoding="UTF-8"?>
<!-- Generated by org.testng.reporters.JUnitXMLReporter -->
<testsuite ignored="0" hostname="mac.local" failures="0" tests="5" name="Test" time="14.749" errors="0" timestamp="2022-10-29T23:35:12 IST">
  <testcase classname="RestAssuredTests.Demo4_Delete_Request" name="deleteEmployeeRecord" time="3.387"/>
  <testcase classname="RestAssuredTests.Demo5_BasicValidations_JSON" name="testLogging" time="1.529"/>
  <testcase classname="RestAssuredTests.Demo1_GetRequest" name="getProductDetails" time="2.125"/>
  <testcase classname="RestAssuredTests.Demo2_POST_Request" name="testPost" time="4.449"/>
  <testcase classname="RestAssuredTests.Demo3_PUT_Request" name="testPut" time="3.166"/>
</testsuite> <!-- Test -->
