<?xml version="1.0" encoding="UTF-8"?>
<testsuite name="TestSuite" time="14.674" tests="5" errors="0" skipped="0" failures="0">
  <properties>
[...]
</properties>
  <testcase name="deleteEmployeeRecord" classname="RestAssuredTests.Demo4_Delete_Request" time="3.391"/>
  <testcase name="testLogging" classname="RestAssuredTests.Demo5_BasicValidations_JSON" time="1.533"/>
  <testcase name="getProductDetails" classname="RestAssuredTests.Demo1_GetRequest" time="2.127"/>
  <testcase name="testPost" classname="RestAssuredTests.Demo2_POST_Request" time="4.453"/>
  <testcase name="testPut" classname="RestAssuredTests.Demo3_PUT_Request" time="3.17"/>
</testsuite>